[2022-10-28 21:49:50,724] {taskinstance.py:1179} INFO - Dependencies all met for <TaskInstance: get_files_denue.extract scheduled__2022-09-01T00:00:00+00:00 [queued]>
[2022-10-28 21:49:50,729] {taskinstance.py:1179} INFO - Dependencies all met for <TaskInstance: get_files_denue.extract scheduled__2022-09-01T00:00:00+00:00 [queued]>
[2022-10-28 21:49:50,729] {taskinstance.py:1376} INFO - 
--------------------------------------------------------------------------------
[2022-10-28 21:49:50,729] {taskinstance.py:1377} INFO - Starting attempt 2 of 7
[2022-10-28 21:49:50,729] {taskinstance.py:1378} INFO - 
--------------------------------------------------------------------------------
[2022-10-28 21:49:50,737] {taskinstance.py:1397} INFO - Executing <Task(_PythonDecoratedOperator): extract> on 2022-09-01 00:00:00+00:00
[2022-10-28 21:49:50,742] {standard_task_runner.py:52} INFO - Started process 391 to run task
[2022-10-28 21:49:50,744] {standard_task_runner.py:79} INFO - Running: ['***', 'tasks', 'run', 'get_files_denue', 'extract', 'scheduled__2022-09-01T00:00:00+00:00', '--job-id', '6', '--raw', '--subdir', 'DAGS_FOLDER/get_raw_files/get_files_denue.py', '--cfg-path', '/tmp/tmp90687a0f', '--error-file', '/tmp/tmp58q6wovn']
[2022-10-28 21:49:50,745] {standard_task_runner.py:80} INFO - Job 6: Subtask extract
[2022-10-28 21:49:50,777] {task_command.py:371} INFO - Running <TaskInstance: get_files_denue.extract scheduled__2022-09-01T00:00:00+00:00 [running]> on host bb2b8b2f7954
[2022-10-28 21:49:50,933] {taskinstance.py:1591} INFO - Exporting the following env vars:
AIRFLOW_CTX_DAG_OWNER=Freakisimo
AIRFLOW_CTX_DAG_ID=get_files_denue
AIRFLOW_CTX_TASK_ID=extract
AIRFLOW_CTX_EXECUTION_DATE=2022-09-01T00:00:00+00:00
AIRFLOW_CTX_TRY_NUMBER=2
AIRFLOW_CTX_DAG_RUN_ID=scheduled__2022-09-01T00:00:00+00:00
[2022-10-28 21:49:51,307] {logging_mixin.py:115} INFO - <!DOCTYPE html>
<html lang="es"><head> <meta content="text/html; charset=utf-8" http-equiv="Content-Type"/> <meta content="IE=edge" http-equiv="X-UA-Compatible"/> <title>Descarga masiva</title> <meta content="Descarga masiva" name="title"/> <meta content="DENUE, Banco de Indicadores, Inventario Nacional de Viviendas, Microdatos, Sala de prensa" name="keywords"/> <meta content="En esta sección podrás descargar los archivos del DENUE, el Banco de Indicadores, el Inventario Nacional de Viviendas, Microdatos y la Sala de prensa por área geográfica, proyectos, años de la información, temas y formatos para poder utilizar la información en forma local en tu equipo." name="description"/> <meta content="2279c0" name="color"/> <meta content="/img/servicios/descarga.png" name="url_imagen"/> <meta content="https://www.inegi.org.mx/app/descarga/" name="dc.identificier"/> <meta content="Descarga masiva" name="dc.title"/> <meta content="index, follow" name="robots"/> <link href="https://www.inegi.org.mx/app/descarga/default.html" rel="canonical"/> <meta content="sector, industrial, primario, terciario, población, indicadores, educativos, ocupaciones, empleo, viviendas, empresa, negocios, producto, interno, bruto, cuentas, nacionales, finanzas, accidentes, comunicados, prensa, estadística" name="dc.subject"/> <meta content="Permite descargar los archivos del DENUE, el Banco de Indicadores, Microdatos, Tabulados y la Sala de prensa por área geográfica, para poder utilizar la información de forma local en un equipo de cómputo" name="dc.description"/> <meta content="Instituto Nacional de Estadística y Geografía. INEGI" name="dc.publisher"/> <meta content=" " name="dc.date"/> <meta content=" " name="dc.issued"/> <meta content=" " name="dc.modified"/> <meta content="text/html" name="dc.format"/> <meta content=" " name="dc.source"/> <meta content="es" name="dc.language"/> <meta content=" " name="dc.relation"/> <meta content="Estados Unidos Mexicanos" name="dc.spatial"/> <meta content=" " name="dc.subject"/> <link href="/estilos/sitio/con_sitio.min.css" rel="stylesheet"/> <link href="/estilos/sitio/plantillas.min.css" rel="stylesheet"/> <link href="/estilos/app/menulateral.min.css" rel="stylesheet"/> <link href="sources/css/descargaMasiva.min.css?v=2.2.1" rel="stylesheet"/> <link href="/estilos/sitio/tablas.min.css" rel="stylesheet"/> <script src="/lib/jquery/jquery-1.11.2.min.js"></script> <script src="/componentes/encabezado/js/recursos.min.js"></script> <script src="/componentes/encabezado/js/enc_genera.min.js"></script> <style> @media screen and (max-width: 767px) { .table-responsive>.table>thead>tr>th, .table-responsive>.table>tbody>tr>th, .table-responsive>.table>tfoot>tr>th, .table-responsive>.table>thead>tr>td, .table-responsive>.table>tbody>tr>td, .table-responsive>.table>tfoot>tr>td { white-space: normal;} }</style></head><body style="padding-top:0px;"> <div data-english="0" data-temselec="2" id="Encabezado"></div> <div class="jumbo"> <div class="container"> <div class="row"> <div class="row col-md-12"> <ul class="st_barra-nav" role="navigation"> <li><a data-traducir="Inicio" href="/" tabindex="51">Inicio</a></li> <li>/</li> <li><a data-traducir="Sistemas de Consulta" href="/siscon/" tabindex="52">Sistemas de Consulta</a></li> <li>/</li> <li><a data-traducir="DescargaMasiva" href="default.html" tabindex="53">Descarga masiva</a></li> </ul> </div> </div> </div> </div> <div class="container"> <div class="row row-offcanvas row-offcanvas-left"> <div class="col-xs-12 col-sm-3" id="sidebar" style="z-index:1;"> <div id="divMenuFiltrosMini" style="margin-left: 0px;"> <div aria-label="Mostrar menú lateral" onclick="mostrarMenuFiltros(true);" onkeypress="mostrarMenuFiltros(true);" style="height: 10px;float: left;position: fixed; cursor:pointer;margin-left: -13px; width:44px;" tabindex="71"> <div style="background-color:#90b5d5 !important;padding: 10px 14px;border-radius: 9px 0px 0px 9px;"> <span class="inegi-dflechad" data-original-title="Mostrar filtros" data-toggle="tooltip" data-traducir-tt="MostrarFiltros" id="btnMenuFiltros" style="color:#fff;margin-left: -4px;" title=""></span></div> </div> </div> <div class="panel panel-default row" id="divMenuFiltros" style="margin-right: -10px;"> <div class="panel-heading tfiltro"> <span data-traducir="Filtros" style="display: inline-block; margin: 4px 0 0 0;">Filtros</span> <span aria-label="Oculta menú lateral" class="inegi-dflechai btnMenuFiltrosPanel" data-original-title="Ocultar filtros" data-toggle="tooltip" data-traducir-tt="OcultarFiltros" id="btnMenuFiltros" onclick="mostrarMenuFiltros(false);" onkeypress="mostrarMenuFiltros(false);" style="float:right;color:#fff; cursor:pointer;" tabindex="71" title=""></span></div> <div class="panel-body" style="padding:3px; background-color:#fff;"> <div> <div style="padding:5px; padding-bottom:0px;"> <span class="inegi-ok-c icoCheckDatoAbierto"></span> <span data-traducir="EstandarDA">Estándar de datos abiertos</span> <br/> <label> <input aria-label="Filtrar archivos con estándar de datos abiertos" checked="checked" id="chkSiDatosAbiertos" name="chkSiDatosAbiertos" onclick="CambiarEntreDatosAbiertos(this)" tabindex="100" type="checkbox"/> <span data-traducir="Si">Sí</span> </label>     <label> <input aria-label="Filtrar archivos sin estándar de datos abiertos" checked="checked" id="chkNoDatosAbiertos" name="chkNoDatosAbiertos" onclick="CambiarEntreDatosAbiertos(this)" tabindex="100" type="checkbox"/> <span data-traducir="No">No</span> </label></div> <div aria-multiselectable="true" class="panel-group" id="accordionFiltrosAG" role="tablist" style="margin-bottom:0px;"></div> <div aria-multiselectable="true" class="panel-group" id="accordionFiltros" role="tablist"></div> <div id="divBotonConsultar" style="text-align:right;margin-top:-20px;"> <button aria-label="Botón consultar" class="btn btn-default" data-traducir="Consultar" id="btnFiltrar" onclick="OcultarPanelFiltros()" style="margin: 10px 3px;" tabindex="500" type="button">Consultar</button></div> </div> </div> </div> </div> <div class="col-xs-12 col-sm-9 classContenidoResultados" id="divContenidoResultados" style="margin-top:-5px;"> <div class="row"> <div class="col-xs-12"> <div aria-label="Presentation Descarga masiva" class="row con_desf_inf pad_no" desglose="0" id="presenta" tabindex="401"> <div> <h4 class="des_pre tituImprimir" data-traducir="DescargaMasiva">Descarga masiva</h4> </div> <div class="pad10"> <p tabindex="402"> <img align="left" alt="#" src="/img/servicios/descarga.png" style="margin:0px 16px 16px 0px;"/> <p align="justify" data-traducir="DescripcionApp" style="margin-top: -7px;">En esta sección podrás descargar los archivos del DENUE, el Banco de Indicadores, el Inventario Nacional de Viviendas, Microdatos y la Sala de prensa por área geográfica, proyectos, años de la información, temas y formatos para poder utilizar la información en forma local en tu equipo.</p> </p> <div class="clearfix"></div> <div class="escondido"> <ul class="pla_lista_contenido"></ul> </div> </div> </div> </div> </div> <div class="panel panel-default con_desf_inf row" id="divResultadosPestanas" style="padding:10px;"> <div class="row"> <div class="col-md-1 col-xs-2"> <a aria-label="Mostrar menú lateral" class="visible-xs btn btn-mx btn-xs pull-left" id="abrecierra" style="background-color:#C2D9EC !important;width: 42px;height: 34px;" tabindex="71"> <span class="inegi-dflechad" id="btnMenuFiltros" style="color:#fff;margin-top: 4px;margin-left:-15px;position:absolute;"></span> </a> </div> <div class="col-md-12 col-xs-10"> <div style="display:block;"> <div class="input-group"> <input aria-label="Buscar archivos en descarga masiva" class="form-control" data-traducir="Buscar" id="txtBuscar" onkeyup="ValidarTextoBuscar(event)" placeholder="Buscar" tabindex="999" type="search"/><span class="input-group-btn menubuttons"> <button aria-label="Botón para eliminar búsqueda" class="btn btn-default" id="btnEliminarBuscar" onclick="CancelarBusqueda()" style="cursor: pointer;display:none;" tabindex="999"><span aria-hidden="true" class="glyphicon glyphicon-remove"></span> </button> <button aria-label="Botón para buscar" class="btn btn-default" id="btnBuscar" onclick="FiltrarDesdeBuscar()" style="cursor: pointer;" tabindex="999"><span aria-hidden="true" class="glyphicon glyphicon-search"></span> </button> </span> </div> </div> </div> </div> <div id="divFiltros" style="margin-bottom:0px;"> <div id="divFiltrosAplicadosTab" style="margin-top: 10px; margin-bottom: 10px; display: block;"> <div style="display:inline-block;"> <span style="font-weight:bold;"><span data-traducir="areageografica">Área geográfica</span>:</span> <span class="notranslate" id="sFCAG" tabindex="999">Estados Unidos Mexicanos</span></div> <div style="display:none; margin-left: 10px;"> <span id="sFCEstandarDatosAbiertos_titulo" style="font-weight:bold;"><span data-traducir="EstandarDA">Estándar de datos abiertos</span>:</span> <span id="sFCEstandarDatosAbiertos" tabindex="999"></span></div> <div style="display:none; margin-left: 10px;"> <span id="sFCPrograma_titulo" style="font-weight:bold;"><span data-traducir="Programa">Programa</span>:</span> <span aria-label="Eliminar filtro por programa" class="contenidoFiltro" id="sFCPrograma" onclick="EliminarFiltro('Programa');" onkeypress="EliminarFiltro('Programa');" tabindex="999"></span></div> <div style="display:none; margin-left: 10px;"> <span id="sFCOtros_titulo" style="font-weight:bold;"><span data-traducir="Otro">Otro</span>:</span> <span aria-label="Eliminar filtro de otros" class="contenidoFiltro" id="sFCOtros" onclick="EliminarFiltro('Otros');" onkeypress="EliminarFiltro('Otros');" tabindex="999"></span></div> <div style="display:none; margin-left: 10px;"> <span id="sFCTema_titulo" style="font-weight:bold;"><span data-traducir="Tema">Tema</span>:</span> <span aria-label="Eliminar filtro por tema" class="contenidoFiltro" id="sFCTema" onclick="EliminarFiltro('Tema');" onkeypress="EliminarFiltro('Tema');" tabindex="999"></span></div> <div style="display:none; margin-left: 10px;"> <span id="sFCPeriodo_titulo" style="font-weight:bold;"><span data-traducir="Periodo">Periodo</span>:</span> <span aria-label="Eliminar filtro por periodo" class="contenidoFiltro" id="sFCPeriodo" onclick="EliminarFiltro('Año');" onkeypress="EliminarFiltro('Periodo');" tabindex="999"></span></div> <div style="display: none; margin-left: 10px;"> <span id="sFCFormato_titulo" style="font-weight: bold;">Formato: </span> <span aria-label="Eliminar filtro de formato" class="contenidoFiltro" id="sFCFormato" onclick="EliminarFiltro('Formato');" onkeypress="EliminarFiltro('Formato');" style="" tabindex="999">... <span class="glyphicon glyphicon-remove-circle" style="font-style: normal; display: inline-block;"></span></span> </div> <a name="anclaFiltros" style=""></a> <a href="#anclaFiltros" id="anclaFiltrosClic" style=""></a> </div> <div class="titlePanelResult" id="h5FiltrosAplicados" style="display:none;"> <span aria-hidden="true" class="inegi-lista"></span> <span> Resultados</span></div> <div id="sFTinfo" style="display:none;"></div> <div id="sFAG" style="display:none;"></div> <div id="sFProyecto" style="display:none;"></div> <span id="sFTema" style="font-weight:bold; display:none; margin-left:20px;">Tema: </span> <span class="contenidoFiltro" id="sFCTema" onclick="EliminarFiltro('Temas');" style="display:none;"></span><span id="sFPeriodo" style="font-weight:bold; display:none; margin-left:20px;">Periodo: </span> <span class="contenidoFiltro" id="sFCPeriodo" onclick="EliminarFiltro('Periodos');" style="display:none;"></span></div> <button class="btn btn-default" id="btnDescargarTodo_" onclick="descargarArchivoZIP()" style="float: right; display: none; margin-bottom: 20px;margin-top: -40px;" type="button">Descargar todo</button> <span id="btnDescargarTodo"></span> <input id="spanTotalArchivos_divContenido" type="hidden"/> <select class="form-control" id="pestanaSeleccionada" onchange="CambiarPestanaDesdeSelect()"><option class="opcionSelectPestana" data-nombreopcion="denue" value="denue">DENUE</option><option class="opcionSelectPestana" data-nombreopcion="indicadores" value="indicadores">Indicadores</option><option class="opcionSelectPestana" data-nombreopcion="inv" value="inv">INV</option><option class="opcionSelectPestana" data-nombreopcion="microdatos" value="microdatos">Microdatos</option><option class="opcionSelectPestana" data-nombreopcion="tabulados" value="tabulados">Tabulados</option><option class="opcionSelectPestana" data-nombreopcion="saladeprensa" value="saladeprensa">Sala de prensa</option> </select> <ul class="nav nav-tabs" id="ulPestanas" role="tablist"> <li class="active" role="presentation"> <a aria-controls="denue" class="aPestana" data-id="denue" data-recargardatos="1" data-tinfo="6" data-toggle="tab" href="#denue" onclick="CargarTablaDescarga('denue')" role="tab" tabindex="1100"><span data-original-title="Directorio Estadístico Nacional de Unidades Económicas" data-toggle="tooltip" data-traducir-tt="DENUE" title="">DENUE</span> <span class="badge badge_total" id="badge_denue" style="font-style:normal;">0</span></a></li> <li role="presentation"> <a aria-controls="indicadores" class="aPestana" data-id="indicadores" data-recargardatos="1" data-tinfo="7" data-toggle="tab" href="#indicadores" onclick="CargarTablaDescarga('indicadores')" role="tab" tabindex="1100"><span data-original-title="Indicadores" data-toggle="tooltip" data-traducir="Indicadores" data-traducir-tt="Indicadores" title="">Indicadores</span> <span class="badge badge_total" id="badge_indicadores" style="font-style:normal;">0</span></a></li> <li role="presentation"> <a aria-controls="inv" class="aPestana" data-id="inv" data-recargardatos="1" data-tinfo="13" data-toggle="tab" href="#inv" onclick="CargarTablaDescarga('inv')" role="tab" tabindex="1100"><span data-original-title="Inventario Nacional de Viviendas" data-toggle="tooltip" data-traducir-tt="INV" title="">INV</span> <span class="badge badge_total" id="badge_inv" style="font-style:normal;">0</span></a></li> <li role="presentation"> <a aria-controls="microdatos" class="aPestana" data-id="microdatos" data-recargardatos="1" data-tinfo="4" data-toggle="tab" href="#microdatos" onclick="CargarTablaDescarga('microdatos')" role="tab" tabindex="1100"> <span data-original-title="Microdatos" data-toggle="tooltip" data-traducir="Microdatos" data-traducir-tt="Microdatos" title="">Microdatos</span> <span class="badge badge_total" id="badge_microdatos" style="font-style:normal;">0</span> </a> </li> <li role="presentation"> <a aria-controls="tabulados" class="aPestana" data-id="tabulados" data-recargardatos="1" data-tinfo="5" data-toggle="tab" href="#tabulados" onclick="CargarTablaDescarga('tabulados')" role="tab" tabindex="1100"> <span data-original-title="Tabulados" data-toggle="tooltip" data-traducir="Tabulados" data-traducir-tt="Tabulados" title="">Tabulados</span> <span class="badge badge_total" id="badge_tabulados" style="font-style:normal;">0</span> </a> </li> <li role="presentation"> <a aria-controls="saladeprensa" class="aPestana" data-id="saladeprensa" data-recargardatos="1" data-tinfo="9" data-toggle="tab" href="#saladeprensa" onclick="CargarTablaDescarga('saladeprensa')" role="tab" tabindex="1100"><span data-original-title="Sala de prensa" data-toggle="tooltip" data-traducir="SalaPrensa" data-traducir-tt="SalaPrensa" title="">Sala de prensa</span> <span class="badge badge_total" id="badge_saladeprensa" style="font-style:normal;">0</span></a></li> <li role="presentation" style="margin-top:5px; float:right; display:none;"> <table> <tr> <td>Descargar: </td> <td> <div class="dropdown"> <button aria-expanded="false" aria-haspopup="true" class="form-control" data-toggle="dropdown" id="ddlDescargarArchivos" type="button">Seleccione... <span class="caret"></span> </button> <ul aria-labelledby="ddlDescargarArchivos" class="dropdown-menu" id="ulListaTemas"> <li><a href="#" id="aDescargarArchivoDENUE" onclick="descargar_archivos_empaquetados('6');">DENUE</a></li> <li><a href="#" id="aDescargarArchivosIndicadores" onclick="descargar_archivos_empaquetados('7');">Indicadores</a></li> <li><a href="#" id="aDescargarArchivosMicrodatos" onclick="descargar_archivos_empaquetados('4');">Microdatos</a></li> <li><a href="#" id="aDescargarArchivosSP" onclick="descargar_archivos_empaquetados('9');">Sala de prensa</a></li> <li class="divider" role="separator"></li> <li><a href="#" id="aDescargarArchivosTodos" onclick="descargar_archivos_empaquetados('0');">Todo</a></li> </ul> </div> </td> </tr> </table> </li> </ul> <div class="tab-content" id="tabPestanas"> <div class="tab-pane active" id="denue" role="tabpanel"> <div style="width:99%; margin-top:10px; text-align:right;"> <div id="btnDescargar_denue"> <a href="#" onclick="AbrirDescargaDinamica('denue')" onkeyup="AbrirDescargaDinamica_event('denue',event)"> <span class="btn-Descargar" data-traducir="DescargarTodosArchivos" id="aDescargar_denue" tabindex="1110">Descargar todos los archivos</span> <span class="inegi-descargamasiva"></span> </a> </div> <div class="panel panel-default panel-Descargar" id="divDescargar_denue"> <span class="inegi-cerrar btn-Cerrar-Descargar" id="cerrarDivDescargar_denue" onclick="CerrarDivDescargar('denue')" tabindex="1111"></span> <h5><span data-traducir="FichaDescarga1">Descargar todos los archivos de</span> DENUE</h5> <div style="margin-left:20px;"> <span data-traducir="FichaDescarga2">Realiza estos sencillos pasos para continuar con la descarga</span>: <ol> <li><span data-traducir="FichaDescarga3">Descarga el archivo</span> <img src="/img/ico/ico_zip.png">(600 KB) <span data-traducir="FichaDescarga4">oprimiendo el botón</span> <span style="font-style: italic;">Descargar.</span></img></li> <li> <span data-traducir="FichaDescarga5">Descomprime el contenido del archivo .zip en el cual encontrarás 3 archivos</span>: <ul style="list-style-type:disc;"> <li>DescargaMasivaApp.exe</li> <li>DescargaMasivaOD.xml</li> <li>Leeme.txt</li> </ul> </li> <li><span data-traducir="FichaDescarga6">Ejecuta el archivo DescargaMasivaApp.exe para iniciar automáticamente la descarga de los archivos en la ruta que selecciones. Es importante que permanezcas conectado a Internet mientras se lleva a cabo la transferencia</span>.</li> </ol> </div> <div style="text-align:center;"> <button class="btn btn-default" data-traducir="Descargar" onclick="IniciarDescargaMasivaApp('6')" tabindex="1112" type="button">Descargar</button></div> </div> </div> <div class="table-responsive" id="divTablaDescargaArchivos_denue" style="width:100%; margin-top:10px;"></div> </div> <div class="tab-pane" id="indicadores" role="tabpanel"> <div style="width:99%; margin-top:10px; text-align:right;"> <div id="btnDescargar_indicadores"> <a href="#" onclick="AbrirDescargaDinamica('indicadores')" onkeyup="AbrirDescargaDinamica_event('indicadores',event)"> <span class="btn-Descargar" data-traducir="DescargarTodosArchivos" id="aDescargar_indicadores" tabindex="1110">Descargar todos los archivos</span> <span class="inegi-descargamasiva"></span> </a> </div> <div class="panel panel-default panel-Descargar" id="divDescargar_indicadores"> <span class="inegi-cerrar btn-Cerrar-Descargar" id="cerrarDivDescargar_indicadores" onclick="CerrarDivDescargar('indicadores')" tabindex="1111"></span> <h5><span data-traducir="FichaDescarga1">Descargar todos los archivos de</span> <span data-traducir="Indicadores">Indicadores</span></h5> <div style="margin-left:20px;"> <span data-traducir="FichaDescarga2">Realiza estos sencillos pasos para continuar con la descarga</span>: <ol> <li><span data-traducir="FichaDescarga3">Descarga el archivo</span> <img src="/img/ico/ico_zip.png"/>(600 KB) <span data-traducir="FichaDescarga4">oprimiendo el botón</span> <span style="font-style: italic;">Descargar.</span></li> <li> <span data-traducir="FichaDescarga5">Descomprime el contenido del archivo .zip en el cual encontrarás 3 archivos</span>: <ul style="list-style-type:disc;"> <li>DescargaMasivaApp.exe</li> <li>DescargaMasivaOD.xml</li> <li>Leeme.txt</li> </ul> </li> <li><span data-traducir="FichaDescarga6">Ejecuta el archivo DescargaMasivaApp.exe para iniciar automáticamente la descarga de los archivos en la ruta que selecciones. Es importante que permanezcas conectado a Internet mientras se lleva a cabo la transferencia</span>.</li> </ol> </div> <div style="text-align:center;"> <button class="btn btn-default" data-traducir="Descargar" onclick="IniciarDescargaMasivaApp('7')" tabindex="1112" type="button">Descargar</button></div> </div> </div> <div class="table-responsive" id="divTablaDescargaArchivos_indicadores" style="width:100%; margin-top:10px;"></div> </div> <div class="tab-pane" id="inv" role="tabpanel"> <div style="width:99%; margin-top:10px; text-align:right;"> <div id="btnDescargar_inv"> <a href="#" onclick="AbrirDescargaDinamica('inv')" onkeyup="AbrirDescargaDinamica_event('inv',event)"> <span class="btn-Descargar" data-traducir="DescargarTodosArchivos" id="aDescargar_inv" onclick="AbrirDescargaDinamica('inv')" tabindex="1110">Descargar todos los archivos</span> <span class="inegi-descargamasiva"></span> </a> </div> <div class="panel panel-default panel-Descargar" id="divDescargar_inv"> <span class="inegi-cerrar btn-Cerrar-Descargar" id="cerrarDivDescargar_inv" onclick="CerrarDivDescargar('inv')" tabindex="1111"></span> <h5><span data-traducir="FichaDescarga1">Descargar todos los archivos de</span> INV</h5> <div style="margin-left:20px;"> <span data-traducir="FichaDescarga2">Realiza estos sencillos pasos para continuar con la descarga</span>: <ol> <li><span data-traducir="FichaDescarga3">Descarga el archivo</span> <img src="/img/ico/ico_zip.png"/>(600 KB) <span data-traducir="FichaDescarga4">oprimiendo el botón</span> <span style="font-style: italic;">Descargar.</span></li> <li> <span data-traducir="FichaDescarga5">Descomprime el contenido del archivo .zip en el cual encontrarás 3 archivos</span>: <ul style="list-style-type:disc;"> <li>DescargaMasivaApp.exe</li> <li>DescargaMasivaOD.xml</li> <li>Leeme.txt</li> </ul> </li> <li><span data-traducir="FichaDescarga6">Ejecuta el archivo DescargaMasivaApp.exe para iniciar automáticamente la descarga de los archivos en la ruta que selecciones. Es importante que permanezcas conectado a Internet mientras se lleva a cabo la transferencia</span>.</li> </ol> </div> <div style="text-align:center;"> <button class="btn btn-default" data-traducir="Descargar" onclick="IniciarDescargaMasivaApp('13')" tabindex="1112" type="button">Descargar</button></div> </div> </div> <div class="table-responsive" id="divTablaDescargaArchivos_inv" style="width:100%; margin-top:10px;"></div> </div> <div class="tab-pane" id="microdatos" role="tabpanel"> <div style="width:99%; margin-top:10px; text-align:right;"> <div id="btnDescargar_microdatos"> <a href="#" onclick="AbrirDescargaDinamica('microdatos')" onkeyup="AbrirDescargaDinamica_event('microdatos',event)"> <span class="btn-Descargar" data-traducir="DescargarTodosArchivos" id="aDescargar_microdatos" tabindex="1110">Descargar todos los archivos</span> <span class="inegi-descargamasiva"></span> </a> </div> <div class="panel panel-default panel-Descargar" id="divDescargar_microdatos"> <span class="inegi-cerrar btn-Cerrar-Descargar" id="cerrarDivDescargar_microdatos" onclick="CerrarDivDescargar('microdatos')" tabindex="1111"></span> <h5><span data-traducir="FichaDescarga1">Descargar todos los archivos de</span> <span data-traducir="Microdatos">Microdatos</span></h5> <div style="margin-left:20px;"> <span data-traducir="FichaDescarga2">Realiza estos sencillos pasos para continuar con la descarga</span>: <ol> <li><span data-traducir="FichaDescarga3">Descarga el archivo</span> <img src="/img/ico/ico_zip.png"/>(600 KB) <span data-traducir="FichaDescarga4">oprimiendo el botón</span> <span style="font-style: italic;">Descargar.</span></li> <li> <span data-traducir="FichaDescarga5">Descomprime el contenido del archivo .zip en el cual encontrarás 3 archivos</span>: <ul style="list-style-type:disc;"> <li>DescargaMasivaApp.exe</li> <li>DescargaMasivaOD.xml</li> <li>Leeme.txt</li> </ul> </li> <li><span data-traducir="FichaDescarga6">Ejecuta el archivo DescargaMasivaApp.exe para iniciar automáticamente la descarga de los archivos en la ruta que selecciones. Es importante que permanezcas conectado a Internet mientras se lleva a cabo la transferencia</span>.</li> </ol> </div> <div style="text-align:center;"> <button class="btn btn-default" data-traducir="Descargar" onclick="IniciarDescargaMasivaApp('4')" tabindex="1112" type="button">Descargar</button></div> </div> </div> <div class="table-responsive" id="divTablaDescargaArchivos_microdatos" style="width:100%; margin-top:10px;"></div> </div> <div class="tab-pane" id="tabulados" role="tabpanel"> <div style="width:99%; margin-top:10px; text-align:right;"> <div id="btnDescargar_tabulados"> <a href="#" onclick="AbrirDescargaDinamica('tabulados')" onkeyup="AbrirDescargaDinamica_event('tabulados',event)"> <span class="btn-Descargar" data-traducir="DescargarTodosArchivos" id="aDescargar_tabulados" tabindex="1110">Descargar todos los archivos</span> <span class="inegi-descargamasiva"></span> </a> </div> <div class="panel panel-default panel-Descargar" id="divDescargar_tabulados"> <span class="inegi-cerrar btn-Cerrar-Descargar" id="cerrarDivDescargar_tabulados" onclick="CerrarDivDescargar('tabulados')" tabindex="1111"></span> <h5><span data-traducir="FichaDescarga1">Descargar todos los archivos de</span> <span data-traducir="Tabulados">Tabulados</span></h5> <div style="margin-left:20px;"> <span data-traducir="FichaDescarga2">Realiza estos sencillos pasos para continuar con la descarga</span>: <ol> <li><span data-traducir="FichaDescarga3">Descarga el archivo</span> <img src="/img/ico/ico_zip.png"/>(600 KB) <span data-traducir="FichaDescarga4">oprimiendo el botón</span> <span style="font-style: italic;">Descargar.</span></li> <li> <span data-traducir="FichaDescarga5">Descomprime el contenido del archivo .zip en el cual encontrarás 3 archivos</span>: <ul style="list-style-type:disc;"> <li>DescargaMasivaApp.exe</li> <li>DescargaMasivaOD.xml</li> <li>Leeme.txt</li> </ul> </li> <li><span data-traducir="FichaDescarga6">Ejecuta el archivo DescargaMasivaApp.exe para iniciar automáticamente la descarga de los archivos en la ruta que selecciones. Es importante que permanezcas conectado a Internet mientras se lleva a cabo la transferencia</span>.</li> </ol> </div> <div style="text-align:center;"> <button class="btn btn-default" data-traducir="Descargar" onclick="IniciarDescargaMasivaApp('5')" tabindex="1112" type="button">Descargar</button></div> </div> </div> <div class="table-responsive" id="divTablaDescargaArchivos_tabulados" style="width:100%; margin-top:10px;"></div> </div> <div class="tab-pane" id="saladeprensa" role="tabpanel"> <div style="width:99%; margin-top:10px; text-align:right;"> <div id="btnDescargar_sp"> <a href="#" onclick="AbrirDescargaDinamica('sp')" onkeyup="AbrirDescargaDinamica_event('sp',event)"> <span class="btn-Descargar" data-traducir="DescargarTodosArchivos" id="aDescargar_sp" tabindex="1110">Descargar todos los archivos</span> <span class="inegi-descargamasiva"></span> </a> </div> <div class="panel panel-default panel-Descargar" id="divDescargar_sp"> <span class="inegi-cerrar btn-Cerrar-Descargar" id="cerrarDivDescargar_sp" onclick="CerrarDivDescargar('sp')" tabindex="1111"></span> <h5><span data-traducir="FichaDescarga1">Descargar todos los archivos de</span> <span data-traducir="SalaPrensa">Sala de prensa</span></h5> <div style="margin-left:20px;"> <span data-traducir="FichaDescarga2">Realiza estos sencillos pasos para continuar con la descarga</span>: <ol> <li><span data-traducir="FichaDescarga3">Descarga el archivo</span> <img src="/img/ico/ico_zip.png"/>(600 KB) <span data-traducir="FichaDescarga4">oprimiendo el botón</span> <span style="font-style: italic;">Descargar.</span></li> <li> <span data-traducir="FichaDescarga5">Descomprime el contenido del archivo .zip en el cual encontrarás 3 archivos</span>: <ul style="list-style-type:disc;"> <li>DescargaMasivaApp.exe</li> <li>DescargaMasivaOD.xml</li> <li>Leeme.txt</li> </ul> </li> <li><span data-traducir="FichaDescarga6">Ejecuta el archivo DescargaMasivaApp.exe para iniciar automáticamente la descarga de los archivos en la ruta que selecciones. Es importante que permanezcas conectado a Internet mientras se lleva a cabo la transferencia</span>.</li> </ol> </div> <div style="text-align:center;"> <button class="btn btn-default" data-traducir="Descargar" onclick="IniciarDescargaMasivaApp('9')" tabindex="1112" type="button">Descargar</button></div> </div> </div> <div class="table-responsive" id="divTablaDescargaArchivos_saladeprensa" style="width:100%; margin-top:10px;"></div> </div> </div> <div id="imgCargandoContenido" style="width:100%; text-align:center; vertical-align:middle; display:none;"> <img alt="Cargando..." src="/img/cargando.gif"/></div> <div id="divSinResultadosConFiltros" style="padding:10px; display:none; text-align: center;">No se han encontrado resultados para tu búsqueda.</div> </div> <div class="panel panel-default con_desf_inf row text-center" id="divSinResultados" style="padding:10px;display:none;">No se encontraron resultados, <a href="default.html">ver todo</a>.</div> </div> </div> </div> <input id="hTinfo" type="hidden" value="0"/> <input id="hAg" type="hidden" value="0"/> <input id="hProy" type="hidden" value="0"/> <input id="hProg" type="hidden" value="0"/> <input id="hTema" type="hidden" value="0"/> <input id="hPer" type="hidden" value="0"/> <input id="hForm" type="hidden" value="0"/> <input id="hDatosAbiertos" type="hidden" value="3"/> <input id="pestanaSeleccionada" type="hidden" value="denue"/> <input id="hTinfoAux" type="hidden" value="0"/> <input id="hAgAux" type="hidden" value="2100"/> <input id="hProyAux" type="hidden" value="0"/> <input id="hProgAux" type="hidden" value="0"/> <input id="hTemaAux" type="hidden" value="0"/> <input id="hPerAux" type="hidden" value="0"/> <input id="hFormAux" type="hidden" value="0"/> <input id="hFiltrarTemas" type="hidden" value="0"/> <div id="PiePagina"></div> <div aria-hidden="true" class="modal fade" id="loading" role="dialog" tabindex="-1"> <img src="/img/cargando.gif" style="display: block; margin-left: auto; margin-right: auto; position: relative; top: 50%;"/></div> <script src="/componentes/productos/js/tablaDinamica.min.js" type="text/javascript"></script> <script src="sources/js/desMasivaArchivos-cc.min.js?v=5.0.1"></script> <script src="sources/js/desMasiva-cc.min.js?v=5.0.2"></script> <script src="sources/plugins/livefilter/jquery.liveFilter.min.js"></script> <script></script> <script src="sources/js/traducirDescarga.min.js?v=1.0.0"></script> <script> setTimeout(function(){$('[data-toggle="tooltip"]').tooltip();},3000); $(document).ready(function(){if(encDomIng==true){$("html").attr("lang", "en"); $("button[data-traducir='Descargar']").each(function(){$(this).html("Download");});}var isMacLike = navigator.platform.match(/(Mac|iphone|iPod|iPad)/i)?true:false; if(isMacLike){document.getElementById("btnDescargar_tabulados").style.visibility="hidden";document.getElementById("btnDescargar_denue").style.visibility="hidden";document.getElementById("btnDescargar_indicadores").style.visibility="hidden";document.getElementById("btnDescargar_inv").style.visibility="hidden";document.getElementById("btnDescargar_microdatos").style.visibility="hidden";document.getElementById("btnDescargar_sp").style.visibility="hidden";}}); </script></body></html>
[2022-10-28 21:49:51,309] {python.py:173} INFO - Done. Returned value was: []
[2022-10-28 21:49:51,326] {taskinstance.py:1420} INFO - Marking task as SUCCESS. dag_id=get_files_denue, task_id=extract, execution_date=20220901T000000, start_date=20221028T214950, end_date=20221028T214951
[2022-10-28 21:49:51,356] {local_task_job.py:156} INFO - Task exited with return code 0
[2022-10-28 21:49:51,380] {local_task_job.py:273} INFO - 0 downstream tasks scheduled from follow-on schedule check
[2022-10-29 02:26:31,594] {taskinstance.py:1179} INFO - Dependencies all met for <TaskInstance: get_files_denue.extract scheduled__2022-09-01T00:00:00+00:00 [queued]>
[2022-10-29 02:26:31,600] {taskinstance.py:1179} INFO - Dependencies all met for <TaskInstance: get_files_denue.extract scheduled__2022-09-01T00:00:00+00:00 [queued]>
[2022-10-29 02:26:31,600] {taskinstance.py:1376} INFO - 
--------------------------------------------------------------------------------
[2022-10-29 02:26:31,600] {taskinstance.py:1377} INFO - Starting attempt 2 of 6
[2022-10-29 02:26:31,600] {taskinstance.py:1378} INFO - 
--------------------------------------------------------------------------------
[2022-10-29 02:26:31,608] {taskinstance.py:1397} INFO - Executing <Task(_PythonDecoratedOperator): extract> on 2022-09-01 00:00:00+00:00
[2022-10-29 02:26:31,612] {standard_task_runner.py:52} INFO - Started process 572 to run task
[2022-10-29 02:26:31,614] {standard_task_runner.py:79} INFO - Running: ['***', 'tasks', 'run', 'get_files_denue', 'extract', 'scheduled__2022-09-01T00:00:00+00:00', '--job-id', '4', '--raw', '--subdir', 'DAGS_FOLDER/get_raw_files/get_files_denue.py', '--cfg-path', '/tmp/tmpk6i8k6ox', '--error-file', '/tmp/tmpl4_zgyae']
[2022-10-29 02:26:31,615] {standard_task_runner.py:80} INFO - Job 4: Subtask extract
[2022-10-29 02:26:31,741] {task_command.py:371} INFO - Running <TaskInstance: get_files_denue.extract scheduled__2022-09-01T00:00:00+00:00 [running]> on host f7ba62d7d52e
[2022-10-29 02:26:31,782] {taskinstance.py:1591} INFO - Exporting the following env vars:
AIRFLOW_CTX_DAG_OWNER=Freakisimo
AIRFLOW_CTX_DAG_ID=get_files_denue
AIRFLOW_CTX_TASK_ID=extract
AIRFLOW_CTX_EXECUTION_DATE=2022-09-01T00:00:00+00:00
AIRFLOW_CTX_TRY_NUMBER=2
AIRFLOW_CTX_DAG_RUN_ID=scheduled__2022-09-01T00:00:00+00:00
[2022-10-29 02:26:32,291] {taskinstance.py:1909} ERROR - Task failed with exception
Traceback (most recent call last):
  File "/home/airflow/.local/lib/python3.7/site-packages/airflow/decorators/base.py", line 179, in execute
    return_value = super().execute(context)
  File "/home/airflow/.local/lib/python3.7/site-packages/airflow/operators/python.py", line 171, in execute
    return_value = self.execute_callable()
  File "/home/airflow/.local/lib/python3.7/site-packages/airflow/operators/python.py", line 189, in execute_callable
    return self.python_callable(*self.op_args, **self.op_kwargs)
  File "/opt/airflow/dags/get_raw_files/get_files_denue.py", line 28, in extract
    innertext='en formato csv'
  File "/opt/airflow/dags/utils/python_tools.py", line 35, in download_files
    driver = webdriver.Chrome()
  File "/home/airflow/.local/lib/python3.7/site-packages/selenium/webdriver/chrome/webdriver.py", line 72, in __init__
    service_log_path, service, keep_alive)
  File "/home/airflow/.local/lib/python3.7/site-packages/selenium/webdriver/chromium/webdriver.py", line 89, in __init__
    self.service.start()
  File "/home/airflow/.local/lib/python3.7/site-packages/selenium/webdriver/common/service.py", line 98, in start
    self.assert_process_still_running()
  File "/home/airflow/.local/lib/python3.7/site-packages/selenium/webdriver/common/service.py", line 112, in assert_process_still_running
    % (self.path, return_code)
selenium.common.exceptions.WebDriverException: Message: Service chromedriver unexpectedly exited. Status code was: 127

[2022-10-29 02:26:32,297] {taskinstance.py:1420} INFO - Marking task as UP_FOR_RETRY. dag_id=get_files_denue, task_id=extract, execution_date=20220901T000000, start_date=20221029T022631, end_date=20221029T022632
[2022-10-29 02:26:32,304] {standard_task_runner.py:97} ERROR - Failed to execute job 4 for task extract (Message: Service chromedriver unexpectedly exited. Status code was: 127
; 572)
[2022-10-29 02:26:32,346] {local_task_job.py:156} INFO - Task exited with return code 1
[2022-10-29 02:26:32,461] {local_task_job.py:273} INFO - 0 downstream tasks scheduled from follow-on schedule check
[2022-10-29 16:05:46,771] {taskinstance.py:1179} INFO - Dependencies all met for <TaskInstance: get_files_denue.extract scheduled__2022-09-01T00:00:00+00:00 [queued]>
[2022-10-29 16:05:46,776] {taskinstance.py:1179} INFO - Dependencies all met for <TaskInstance: get_files_denue.extract scheduled__2022-09-01T00:00:00+00:00 [queued]>
[2022-10-29 16:05:46,776] {taskinstance.py:1376} INFO - 
--------------------------------------------------------------------------------
[2022-10-29 16:05:46,776] {taskinstance.py:1377} INFO - Starting attempt 2 of 6
[2022-10-29 16:05:46,776] {taskinstance.py:1378} INFO - 
--------------------------------------------------------------------------------
[2022-10-29 16:05:46,784] {taskinstance.py:1397} INFO - Executing <Task(_PythonDecoratedOperator): extract> on 2022-09-01 00:00:00+00:00
[2022-10-29 16:05:46,788] {standard_task_runner.py:52} INFO - Started process 595 to run task
[2022-10-29 16:05:46,790] {standard_task_runner.py:79} INFO - Running: ['***', 'tasks', 'run', 'get_files_denue', 'extract', 'scheduled__2022-09-01T00:00:00+00:00', '--job-id', '4', '--raw', '--subdir', 'DAGS_FOLDER/get_raw_files/get_files_denue.py', '--cfg-path', '/tmp/tmpbm1mvg1q', '--error-file', '/tmp/tmpvcijr72q']
[2022-10-29 16:05:46,791] {standard_task_runner.py:80} INFO - Job 4: Subtask extract
[2022-10-29 16:05:46,914] {task_command.py:371} INFO - Running <TaskInstance: get_files_denue.extract scheduled__2022-09-01T00:00:00+00:00 [running]> on host 764803a942e2
[2022-10-29 16:05:46,954] {taskinstance.py:1591} INFO - Exporting the following env vars:
AIRFLOW_CTX_DAG_OWNER=Freakisimo
AIRFLOW_CTX_DAG_ID=get_files_denue
AIRFLOW_CTX_TASK_ID=extract
AIRFLOW_CTX_EXECUTION_DATE=2022-09-01T00:00:00+00:00
AIRFLOW_CTX_TRY_NUMBER=2
AIRFLOW_CTX_DAG_RUN_ID=scheduled__2022-09-01T00:00:00+00:00
[2022-10-29 16:05:46,963] {taskinstance.py:1909} ERROR - Task failed with exception
Traceback (most recent call last):
  File "/home/airflow/.local/lib/python3.7/site-packages/selenium/webdriver/common/service.py", line 76, in start
    creationflags=self.creationflags)
  File "/usr/local/lib/python3.7/subprocess.py", line 800, in __init__
    restore_signals, start_new_session)
  File "/usr/local/lib/python3.7/subprocess.py", line 1551, in _execute_child
    raise child_exception_type(errno_num, err_msg, err_filename)
PermissionError: [Errno 13] Permission denied: 'chromedriver'

During handling of the above exception, another exception occurred:

Traceback (most recent call last):
  File "/home/airflow/.local/lib/python3.7/site-packages/airflow/decorators/base.py", line 179, in execute
    return_value = super().execute(context)
  File "/home/airflow/.local/lib/python3.7/site-packages/airflow/operators/python.py", line 171, in execute
    return_value = self.execute_callable()
  File "/home/airflow/.local/lib/python3.7/site-packages/airflow/operators/python.py", line 189, in execute_callable
    return self.python_callable(*self.op_args, **self.op_kwargs)
  File "/opt/airflow/dags/get_raw_files/get_files_denue.py", line 28, in extract
    innertext='en formato csv'
  File "/opt/airflow/dags/utils/python_tools.py", line 35, in download_files
    driver = webdriver.Chrome()
  File "/home/airflow/.local/lib/python3.7/site-packages/selenium/webdriver/chrome/webdriver.py", line 72, in __init__
    service_log_path, service, keep_alive)
  File "/home/airflow/.local/lib/python3.7/site-packages/selenium/webdriver/chromium/webdriver.py", line 89, in __init__
    self.service.start()
  File "/home/airflow/.local/lib/python3.7/site-packages/selenium/webdriver/common/service.py", line 88, in start
    os.path.basename(self.path), self.start_error_message)
selenium.common.exceptions.WebDriverException: Message: 'chromedriver' executable may have wrong permissions. Please see https://chromedriver.chromium.org/home

[2022-10-29 16:05:46,968] {taskinstance.py:1420} INFO - Marking task as UP_FOR_RETRY. dag_id=get_files_denue, task_id=extract, execution_date=20220901T000000, start_date=20221029T160546, end_date=20221029T160546
[2022-10-29 16:05:46,974] {standard_task_runner.py:97} ERROR - Failed to execute job 4 for task extract (Message: 'chromedriver' executable may have wrong permissions. Please see https://chromedriver.chromium.org/home
; 595)
[2022-10-29 16:05:47,001] {local_task_job.py:156} INFO - Task exited with return code 1
[2022-10-29 16:05:47,119] {local_task_job.py:273} INFO - 0 downstream tasks scheduled from follow-on schedule check
[2022-10-29 16:19:04,229] {taskinstance.py:1179} INFO - Dependencies all met for <TaskInstance: get_files_denue.extract scheduled__2022-09-01T00:00:00+00:00 [queued]>
[2022-10-29 16:19:04,235] {taskinstance.py:1179} INFO - Dependencies all met for <TaskInstance: get_files_denue.extract scheduled__2022-09-01T00:00:00+00:00 [queued]>
[2022-10-29 16:19:04,235] {taskinstance.py:1376} INFO - 
--------------------------------------------------------------------------------
[2022-10-29 16:19:04,235] {taskinstance.py:1377} INFO - Starting attempt 2 of 6
[2022-10-29 16:19:04,235] {taskinstance.py:1378} INFO - 
--------------------------------------------------------------------------------
[2022-10-29 16:19:04,243] {taskinstance.py:1397} INFO - Executing <Task(_PythonDecoratedOperator): extract> on 2022-09-01 00:00:00+00:00
[2022-10-29 16:19:04,247] {standard_task_runner.py:52} INFO - Started process 619 to run task
[2022-10-29 16:19:04,249] {standard_task_runner.py:79} INFO - Running: ['***', 'tasks', 'run', 'get_files_denue', 'extract', 'scheduled__2022-09-01T00:00:00+00:00', '--job-id', '4', '--raw', '--subdir', 'DAGS_FOLDER/get_raw_files/get_files_denue.py', '--cfg-path', '/tmp/tmpvilo8lyo', '--error-file', '/tmp/tmp4rphk2l_']
[2022-10-29 16:19:04,250] {standard_task_runner.py:80} INFO - Job 4: Subtask extract
[2022-10-29 16:19:04,283] {task_command.py:371} INFO - Running <TaskInstance: get_files_denue.extract scheduled__2022-09-01T00:00:00+00:00 [running]> on host b547886b8bf1
[2022-10-29 16:19:04,428] {taskinstance.py:1591} INFO - Exporting the following env vars:
AIRFLOW_CTX_DAG_OWNER=Freakisimo
AIRFLOW_CTX_DAG_ID=get_files_denue
AIRFLOW_CTX_TASK_ID=extract
AIRFLOW_CTX_EXECUTION_DATE=2022-09-01T00:00:00+00:00
AIRFLOW_CTX_TRY_NUMBER=2
AIRFLOW_CTX_DAG_RUN_ID=scheduled__2022-09-01T00:00:00+00:00
[2022-10-29 16:19:04,437] {taskinstance.py:1909} ERROR - Task failed with exception
Traceback (most recent call last):
  File "/home/airflow/.local/lib/python3.7/site-packages/selenium/webdriver/common/service.py", line 76, in start
    creationflags=self.creationflags)
  File "/usr/local/lib/python3.7/subprocess.py", line 800, in __init__
    restore_signals, start_new_session)
  File "/usr/local/lib/python3.7/subprocess.py", line 1551, in _execute_child
    raise child_exception_type(errno_num, err_msg, err_filename)
PermissionError: [Errno 13] Permission denied: '/chromedriver/chromedriver'

During handling of the above exception, another exception occurred:

Traceback (most recent call last):
  File "/home/airflow/.local/lib/python3.7/site-packages/airflow/decorators/base.py", line 179, in execute
    return_value = super().execute(context)
  File "/home/airflow/.local/lib/python3.7/site-packages/airflow/operators/python.py", line 171, in execute
    return_value = self.execute_callable()
  File "/home/airflow/.local/lib/python3.7/site-packages/airflow/operators/python.py", line 189, in execute_callable
    return self.python_callable(*self.op_args, **self.op_kwargs)
  File "/opt/airflow/dags/get_raw_files/get_files_denue.py", line 28, in extract
    innertext='en formato csv'
  File "/opt/airflow/dags/utils/python_tools.py", line 35, in download_files
    driver = webdriver.Chrome(executable_path='/chromedriver/chromedriver')
  File "/home/airflow/.local/lib/python3.7/site-packages/selenium/webdriver/chrome/webdriver.py", line 72, in __init__
    service_log_path, service, keep_alive)
  File "/home/airflow/.local/lib/python3.7/site-packages/selenium/webdriver/chromium/webdriver.py", line 89, in __init__
    self.service.start()
  File "/home/airflow/.local/lib/python3.7/site-packages/selenium/webdriver/common/service.py", line 88, in start
    os.path.basename(self.path), self.start_error_message)
selenium.common.exceptions.WebDriverException: Message: 'chromedriver' executable may have wrong permissions. Please see https://chromedriver.chromium.org/home

[2022-10-29 16:19:04,444] {taskinstance.py:1420} INFO - Marking task as UP_FOR_RETRY. dag_id=get_files_denue, task_id=extract, execution_date=20220901T000000, start_date=20221029T161904, end_date=20221029T161904
[2022-10-29 16:19:04,451] {standard_task_runner.py:97} ERROR - Failed to execute job 4 for task extract (Message: 'chromedriver' executable may have wrong permissions. Please see https://chromedriver.chromium.org/home
; 619)
[2022-10-29 16:19:04,460] {local_task_job.py:156} INFO - Task exited with return code 1
[2022-10-29 16:19:04,484] {local_task_job.py:273} INFO - 0 downstream tasks scheduled from follow-on schedule check
[2022-10-29 16:27:08,968] {taskinstance.py:1179} INFO - Dependencies all met for <TaskInstance: get_files_denue.extract scheduled__2022-09-01T00:00:00+00:00 [queued]>
[2022-10-29 16:27:08,973] {taskinstance.py:1179} INFO - Dependencies all met for <TaskInstance: get_files_denue.extract scheduled__2022-09-01T00:00:00+00:00 [queued]>
[2022-10-29 16:27:08,973] {taskinstance.py:1376} INFO - 
--------------------------------------------------------------------------------
[2022-10-29 16:27:08,973] {taskinstance.py:1377} INFO - Starting attempt 2 of 7
[2022-10-29 16:27:08,973] {taskinstance.py:1378} INFO - 
--------------------------------------------------------------------------------
[2022-10-29 16:27:08,981] {taskinstance.py:1397} INFO - Executing <Task(_PythonDecoratedOperator): extract> on 2022-09-01 00:00:00+00:00
[2022-10-29 16:27:08,986] {standard_task_runner.py:52} INFO - Started process 464 to run task
[2022-10-29 16:27:08,987] {standard_task_runner.py:79} INFO - Running: ['***', 'tasks', 'run', 'get_files_denue', 'extract', 'scheduled__2022-09-01T00:00:00+00:00', '--job-id', '4', '--raw', '--subdir', 'DAGS_FOLDER/get_raw_files/get_files_denue.py', '--cfg-path', '/tmp/tmptv29s16i', '--error-file', '/tmp/tmpouni1x_b']
[2022-10-29 16:27:08,988] {standard_task_runner.py:80} INFO - Job 4: Subtask extract
[2022-10-29 16:27:09,127] {task_command.py:371} INFO - Running <TaskInstance: get_files_denue.extract scheduled__2022-09-01T00:00:00+00:00 [running]> on host 0e9bebf0afc5
[2022-10-29 16:27:09,170] {taskinstance.py:1591} INFO - Exporting the following env vars:
AIRFLOW_CTX_DAG_OWNER=Freakisimo
AIRFLOW_CTX_DAG_ID=get_files_denue
AIRFLOW_CTX_TASK_ID=extract
AIRFLOW_CTX_EXECUTION_DATE=2022-09-01T00:00:00+00:00
AIRFLOW_CTX_TRY_NUMBER=2
AIRFLOW_CTX_DAG_RUN_ID=scheduled__2022-09-01T00:00:00+00:00
[2022-10-29 16:27:09,170] {taskinstance.py:1909} ERROR - Task failed with exception
Traceback (most recent call last):
  File "/home/airflow/.local/lib/python3.7/site-packages/airflow/decorators/base.py", line 179, in execute
    return_value = super().execute(context)
  File "/home/airflow/.local/lib/python3.7/site-packages/airflow/operators/python.py", line 171, in execute
    return_value = self.execute_callable()
  File "/home/airflow/.local/lib/python3.7/site-packages/airflow/operators/python.py", line 189, in execute_callable
    return self.python_callable(*self.op_args, **self.op_kwargs)
  File "/opt/airflow/dags/get_raw_files/get_files_denue.py", line 28, in extract
    innertext='en formato csv'
  File "/opt/airflow/dags/utils/python_tools.py", line 35, in download_files
    os.chmod('/chromedriver/chromedriver', "0o755")
TypeError: an integer is required (got type str)
[2022-10-29 16:27:09,175] {taskinstance.py:1420} INFO - Marking task as UP_FOR_RETRY. dag_id=get_files_denue, task_id=extract, execution_date=20220901T000000, start_date=20221029T162708, end_date=20221029T162709
[2022-10-29 16:27:09,180] {standard_task_runner.py:97} ERROR - Failed to execute job 4 for task extract (an integer is required (got type str); 464)
[2022-10-29 16:27:09,199] {local_task_job.py:156} INFO - Task exited with return code 1
[2022-10-29 16:27:09,309] {local_task_job.py:273} INFO - 0 downstream tasks scheduled from follow-on schedule check
[2022-10-29 16:33:35,051] {taskinstance.py:1179} INFO - Dependencies all met for <TaskInstance: get_files_denue.extract scheduled__2022-09-01T00:00:00+00:00 [queued]>
[2022-10-29 16:33:35,056] {taskinstance.py:1179} INFO - Dependencies all met for <TaskInstance: get_files_denue.extract scheduled__2022-09-01T00:00:00+00:00 [queued]>
[2022-10-29 16:33:35,056] {taskinstance.py:1376} INFO - 
--------------------------------------------------------------------------------
[2022-10-29 16:33:35,056] {taskinstance.py:1377} INFO - Starting attempt 2 of 7
[2022-10-29 16:33:35,056] {taskinstance.py:1378} INFO - 
--------------------------------------------------------------------------------
[2022-10-29 16:33:35,064] {taskinstance.py:1397} INFO - Executing <Task(_PythonDecoratedOperator): extract> on 2022-09-01 00:00:00+00:00
[2022-10-29 16:33:35,069] {standard_task_runner.py:52} INFO - Started process 347 to run task
[2022-10-29 16:33:35,071] {standard_task_runner.py:79} INFO - Running: ['***', 'tasks', 'run', 'get_files_denue', 'extract', 'scheduled__2022-09-01T00:00:00+00:00', '--job-id', '4', '--raw', '--subdir', 'DAGS_FOLDER/get_raw_files/get_files_denue.py', '--cfg-path', '/tmp/tmp10_j_60p', '--error-file', '/tmp/tmpwk5in0f_']
[2022-10-29 16:33:35,072] {standard_task_runner.py:80} INFO - Job 4: Subtask extract
[2022-10-29 16:33:35,199] {task_command.py:371} INFO - Running <TaskInstance: get_files_denue.extract scheduled__2022-09-01T00:00:00+00:00 [running]> on host 5e8bab7a3cdc
[2022-10-29 16:33:35,240] {taskinstance.py:1591} INFO - Exporting the following env vars:
AIRFLOW_CTX_DAG_OWNER=Freakisimo
AIRFLOW_CTX_DAG_ID=get_files_denue
AIRFLOW_CTX_TASK_ID=extract
AIRFLOW_CTX_EXECUTION_DATE=2022-09-01T00:00:00+00:00
AIRFLOW_CTX_TRY_NUMBER=2
AIRFLOW_CTX_DAG_RUN_ID=scheduled__2022-09-01T00:00:00+00:00
[2022-10-29 16:33:35,249] {taskinstance.py:1909} ERROR - Task failed with exception
Traceback (most recent call last):
  File "/home/airflow/.local/lib/python3.7/site-packages/selenium/webdriver/common/service.py", line 76, in start
    creationflags=self.creationflags)
  File "/usr/local/lib/python3.7/subprocess.py", line 800, in __init__
    restore_signals, start_new_session)
  File "/usr/local/lib/python3.7/subprocess.py", line 1551, in _execute_child
    raise child_exception_type(errno_num, err_msg, err_filename)
PermissionError: [Errno 13] Permission denied: '/chromedriver/chromedriver'

During handling of the above exception, another exception occurred:

Traceback (most recent call last):
  File "/home/airflow/.local/lib/python3.7/site-packages/airflow/decorators/base.py", line 179, in execute
    return_value = super().execute(context)
  File "/home/airflow/.local/lib/python3.7/site-packages/airflow/operators/python.py", line 171, in execute
    return_value = self.execute_callable()
  File "/home/airflow/.local/lib/python3.7/site-packages/airflow/operators/python.py", line 189, in execute_callable
    return self.python_callable(*self.op_args, **self.op_kwargs)
  File "/opt/airflow/dags/get_raw_files/get_files_denue.py", line 28, in extract
    innertext='en formato csv'
  File "/opt/airflow/dags/utils/python_tools.py", line 35, in download_files
    driver = webdriver.Chrome(executable_path='/chromedriver/chromedriver')
  File "/home/airflow/.local/lib/python3.7/site-packages/selenium/webdriver/chrome/webdriver.py", line 72, in __init__
    service_log_path, service, keep_alive)
  File "/home/airflow/.local/lib/python3.7/site-packages/selenium/webdriver/chromium/webdriver.py", line 89, in __init__
    self.service.start()
  File "/home/airflow/.local/lib/python3.7/site-packages/selenium/webdriver/common/service.py", line 88, in start
    os.path.basename(self.path), self.start_error_message)
selenium.common.exceptions.WebDriverException: Message: 'chromedriver' executable may have wrong permissions. Please see https://chromedriver.chromium.org/home

[2022-10-29 16:33:35,255] {taskinstance.py:1420} INFO - Marking task as UP_FOR_RETRY. dag_id=get_files_denue, task_id=extract, execution_date=20220901T000000, start_date=20221029T163335, end_date=20221029T163335
[2022-10-29 16:33:35,261] {standard_task_runner.py:97} ERROR - Failed to execute job 4 for task extract (Message: 'chromedriver' executable may have wrong permissions. Please see https://chromedriver.chromium.org/home
; 347)
[2022-10-29 16:33:35,282] {local_task_job.py:156} INFO - Task exited with return code 1
[2022-10-29 16:33:35,395] {local_task_job.py:273} INFO - 0 downstream tasks scheduled from follow-on schedule check
[2022-10-29 16:50:37,656] {taskinstance.py:1179} INFO - Dependencies all met for <TaskInstance: get_files_denue.extract scheduled__2022-09-01T00:00:00+00:00 [queued]>
[2022-10-29 16:50:37,663] {taskinstance.py:1179} INFO - Dependencies all met for <TaskInstance: get_files_denue.extract scheduled__2022-09-01T00:00:00+00:00 [queued]>
[2022-10-29 16:50:37,663] {taskinstance.py:1376} INFO - 
--------------------------------------------------------------------------------
[2022-10-29 16:50:37,663] {taskinstance.py:1377} INFO - Starting attempt 2 of 7
[2022-10-29 16:50:37,663] {taskinstance.py:1378} INFO - 
--------------------------------------------------------------------------------
[2022-10-29 16:50:37,672] {taskinstance.py:1397} INFO - Executing <Task(_PythonDecoratedOperator): extract> on 2022-09-01 00:00:00+00:00
[2022-10-29 16:50:37,677] {standard_task_runner.py:52} INFO - Started process 435 to run task
[2022-10-29 16:50:37,679] {standard_task_runner.py:79} INFO - Running: ['***', 'tasks', 'run', 'get_files_denue', 'extract', 'scheduled__2022-09-01T00:00:00+00:00', '--job-id', '4', '--raw', '--subdir', 'DAGS_FOLDER/get_raw_files/get_files_denue.py', '--cfg-path', '/tmp/tmpr6usj7l5', '--error-file', '/tmp/tmph8va8su0']
[2022-10-29 16:50:37,680] {standard_task_runner.py:80} INFO - Job 4: Subtask extract
[2022-10-29 16:50:37,854] {task_command.py:371} INFO - Running <TaskInstance: get_files_denue.extract scheduled__2022-09-01T00:00:00+00:00 [running]> on host c039490bd884
[2022-10-29 16:50:37,906] {taskinstance.py:1591} INFO - Exporting the following env vars:
AIRFLOW_CTX_DAG_OWNER=Freakisimo
AIRFLOW_CTX_DAG_ID=get_files_denue
AIRFLOW_CTX_TASK_ID=extract
AIRFLOW_CTX_EXECUTION_DATE=2022-09-01T00:00:00+00:00
AIRFLOW_CTX_TRY_NUMBER=2
AIRFLOW_CTX_DAG_RUN_ID=scheduled__2022-09-01T00:00:00+00:00
[2022-10-29 16:50:37,916] {taskinstance.py:1909} ERROR - Task failed with exception
Traceback (most recent call last):
  File "/home/airflow/.local/lib/python3.7/site-packages/selenium/webdriver/common/service.py", line 76, in start
    creationflags=self.creationflags)
  File "/usr/local/lib/python3.7/subprocess.py", line 800, in __init__
    restore_signals, start_new_session)
  File "/usr/local/lib/python3.7/subprocess.py", line 1551, in _execute_child
    raise child_exception_type(errno_num, err_msg, err_filename)
PermissionError: [Errno 13] Permission denied: '/chromedriver/chromedriver'

During handling of the above exception, another exception occurred:

Traceback (most recent call last):
  File "/home/airflow/.local/lib/python3.7/site-packages/airflow/decorators/base.py", line 179, in execute
    return_value = super().execute(context)
  File "/home/airflow/.local/lib/python3.7/site-packages/airflow/operators/python.py", line 171, in execute
    return_value = self.execute_callable()
  File "/home/airflow/.local/lib/python3.7/site-packages/airflow/operators/python.py", line 189, in execute_callable
    return self.python_callable(*self.op_args, **self.op_kwargs)
  File "/opt/airflow/dags/get_raw_files/get_files_denue.py", line 28, in extract
    innertext='en formato csv'
  File "/opt/airflow/dags/utils/python_tools.py", line 39, in download_files
    driver = webdriver.Chrome(executable_path='/chromedriver/chromedriver', options=chrome_options)
  File "/home/airflow/.local/lib/python3.7/site-packages/selenium/webdriver/chrome/webdriver.py", line 72, in __init__
    service_log_path, service, keep_alive)
  File "/home/airflow/.local/lib/python3.7/site-packages/selenium/webdriver/chromium/webdriver.py", line 89, in __init__
    self.service.start()
  File "/home/airflow/.local/lib/python3.7/site-packages/selenium/webdriver/common/service.py", line 88, in start
    os.path.basename(self.path), self.start_error_message)
selenium.common.exceptions.WebDriverException: Message: 'chromedriver' executable may have wrong permissions. Please see https://chromedriver.chromium.org/home

[2022-10-29 16:50:37,924] {taskinstance.py:1420} INFO - Marking task as UP_FOR_RETRY. dag_id=get_files_denue, task_id=extract, execution_date=20220901T000000, start_date=20221029T165037, end_date=20221029T165037
[2022-10-29 16:50:37,932] {standard_task_runner.py:97} ERROR - Failed to execute job 4 for task extract (Message: 'chromedriver' executable may have wrong permissions. Please see https://chromedriver.chromium.org/home
; 435)
[2022-10-29 16:50:37,970] {local_task_job.py:156} INFO - Task exited with return code 1
[2022-10-29 16:50:38,108] {local_task_job.py:273} INFO - 0 downstream tasks scheduled from follow-on schedule check
[2022-10-29 16:59:40,923] {taskinstance.py:1179} INFO - Dependencies all met for <TaskInstance: get_files_denue.extract scheduled__2022-09-01T00:00:00+00:00 [queued]>
[2022-10-29 16:59:40,928] {taskinstance.py:1179} INFO - Dependencies all met for <TaskInstance: get_files_denue.extract scheduled__2022-09-01T00:00:00+00:00 [queued]>
[2022-10-29 16:59:40,928] {taskinstance.py:1376} INFO - 
--------------------------------------------------------------------------------
[2022-10-29 16:59:40,928] {taskinstance.py:1377} INFO - Starting attempt 2 of 6
[2022-10-29 16:59:40,928] {taskinstance.py:1378} INFO - 
--------------------------------------------------------------------------------
[2022-10-29 16:59:40,936] {taskinstance.py:1397} INFO - Executing <Task(_PythonDecoratedOperator): extract> on 2022-09-01 00:00:00+00:00
[2022-10-29 16:59:40,940] {standard_task_runner.py:52} INFO - Started process 573 to run task
[2022-10-29 16:59:40,942] {standard_task_runner.py:79} INFO - Running: ['***', 'tasks', 'run', 'get_files_denue', 'extract', 'scheduled__2022-09-01T00:00:00+00:00', '--job-id', '4', '--raw', '--subdir', 'DAGS_FOLDER/get_raw_files/get_files_denue.py', '--cfg-path', '/tmp/tmp1zkdfinr', '--error-file', '/tmp/tmp72_iyxra']
[2022-10-29 16:59:40,943] {standard_task_runner.py:80} INFO - Job 4: Subtask extract
[2022-10-29 16:59:41,071] {task_command.py:371} INFO - Running <TaskInstance: get_files_denue.extract scheduled__2022-09-01T00:00:00+00:00 [running]> on host 167153ec7ac7
[2022-10-29 16:59:41,114] {taskinstance.py:1591} INFO - Exporting the following env vars:
AIRFLOW_CTX_DAG_OWNER=Freakisimo
AIRFLOW_CTX_DAG_ID=get_files_denue
AIRFLOW_CTX_TASK_ID=extract
AIRFLOW_CTX_EXECUTION_DATE=2022-09-01T00:00:00+00:00
AIRFLOW_CTX_TRY_NUMBER=2
AIRFLOW_CTX_DAG_RUN_ID=scheduled__2022-09-01T00:00:00+00:00
[2022-10-29 16:59:41,123] {taskinstance.py:1909} ERROR - Task failed with exception
Traceback (most recent call last):
  File "/home/airflow/.local/lib/python3.7/site-packages/selenium/webdriver/common/service.py", line 76, in start
    creationflags=self.creationflags)
  File "/usr/local/lib/python3.7/subprocess.py", line 800, in __init__
    restore_signals, start_new_session)
  File "/usr/local/lib/python3.7/subprocess.py", line 1551, in _execute_child
    raise child_exception_type(errno_num, err_msg, err_filename)
PermissionError: [Errno 13] Permission denied: '/chromedriver/chromedriver'

During handling of the above exception, another exception occurred:

Traceback (most recent call last):
  File "/home/airflow/.local/lib/python3.7/site-packages/airflow/decorators/base.py", line 179, in execute
    return_value = super().execute(context)
  File "/home/airflow/.local/lib/python3.7/site-packages/airflow/operators/python.py", line 171, in execute
    return_value = self.execute_callable()
  File "/home/airflow/.local/lib/python3.7/site-packages/airflow/operators/python.py", line 189, in execute_callable
    return self.python_callable(*self.op_args, **self.op_kwargs)
  File "/opt/airflow/dags/get_raw_files/get_files_denue.py", line 28, in extract
    innertext='en formato csv'
  File "/opt/airflow/dags/utils/python_tools.py", line 39, in download_files
    driver = webdriver.Chrome(executable_path='/chromedriver/chromedriver', options=chrome_options)
  File "/home/airflow/.local/lib/python3.7/site-packages/selenium/webdriver/chrome/webdriver.py", line 72, in __init__
    service_log_path, service, keep_alive)
  File "/home/airflow/.local/lib/python3.7/site-packages/selenium/webdriver/chromium/webdriver.py", line 89, in __init__
    self.service.start()
  File "/home/airflow/.local/lib/python3.7/site-packages/selenium/webdriver/common/service.py", line 88, in start
    os.path.basename(self.path), self.start_error_message)
selenium.common.exceptions.WebDriverException: Message: 'chromedriver' executable may have wrong permissions. Please see https://chromedriver.chromium.org/home

[2022-10-29 16:59:41,128] {taskinstance.py:1420} INFO - Marking task as UP_FOR_RETRY. dag_id=get_files_denue, task_id=extract, execution_date=20220901T000000, start_date=20221029T165940, end_date=20221029T165941
[2022-10-29 16:59:41,135] {standard_task_runner.py:97} ERROR - Failed to execute job 4 for task extract (Message: 'chromedriver' executable may have wrong permissions. Please see https://chromedriver.chromium.org/home
; 573)
[2022-10-29 16:59:41,153] {local_task_job.py:156} INFO - Task exited with return code 1
[2022-10-29 16:59:41,271] {local_task_job.py:273} INFO - 0 downstream tasks scheduled from follow-on schedule check
